#
# There is insufficient memory for the Java Runtime Environment to continue.
# Native memory allocation (mmap) failed to map 134217728 bytes. Error detail: G1 virtual space
# Possible reasons:
#   The system is out of physical RAM or swap space
#   This process is running with CompressedOops enabled, and the Java Heap may be blocking the growth of the native heap
# Possible solutions:
#   Reduce memory load on the system
#   Increase physical memory or swap space
#   Check if swap backing store is full
#   Decrease Java heap size (-Xmx/-Xms)
#   Decrease number of Java threads
#   Decrease Java thread stack sizes (-Xss)
#   Set larger code cache with -XX:ReservedCodeCacheSize=
#   JVM is running with Unscaled Compressed Oops mode in which the Java heap is
#     placed in the first 4GB address space. The Java Heap base address is the
#     maximum limit for the native heap growth. Please use -XX:HeapBaseMinAddress
#     to set the Java Heap base and to place the Java Heap above 4GB virtual address.
# This output file may be truncated or incomplete.
#
#  Out of Memory Error (os_windows.cpp:3713), pid=8372, tid=16160
#
# JRE version:  (21.0.8+9) (build )
# Java VM: OpenJDK 64-Bit Server VM (21.0.8+9-LTS, mixed mode, sharing, tiered, compressed oops, compressed class ptrs, g1 gc, windows-amd64)
# No core dump will be written. Minidumps are not enabled by default on client versions of Windows
#

---------------  S U M M A R Y ------------

Command Line: -Dfile.encoding=UTF-8 -Dstdout.encoding=UTF-8 -Dstderr.encoding=UTF-8 -XX:+ShowCodeDetailsInExceptionMessages br.com.my.Main

Host: Intel(R) Core(TM) i5-7200U CPU @ 2.50GHz, 4 cores, 7G,  Windows 11 , 64 bit Build 26100 (10.0.26100.7623)
Time: Mon Feb 16 14:44:11 2026 Hora oficial do Brasil elapsed time: 0.027300 seconds (0d 0h 0m 0s)

---------------  T H R E A D  ---------------

Current thread (0x000001ede69dd260):  JavaThread "Unknown thread" [_thread_in_vm, id=16160, stack(0x000000e0a9100000,0x000000e0a9200000) (1024K)]

Stack: [0x000000e0a9100000,0x000000e0a9200000]
Native frames: (J=compiled Java code, j=interpreted, Vv=VM code, C=native code)
V  [jvm.dll+0x6d2449]
V  [jvm.dll+0x8ae341]
V  [jvm.dll+0x8b08be]
V  [jvm.dll+0x8b0fa3]
V  [jvm.dll+0x280c96]
V  [jvm.dll+0x6cec15]
V  [jvm.dll+0x6c2c3a]
V  [jvm.dll+0x35867a]
V  [jvm.dll+0x360246]
V  [jvm.dll+0x3b1f9e]
V  [jvm.dll+0x3b2248]
V  [jvm.dll+0x32c8fc]
V  [jvm.dll+0x32d45b]
V  [jvm.dll+0x8775d9]
V  [jvm.dll+0x3bed71]
V  [jvm.dll+0x8605d3]
V  [jvm.dll+0x4530ee]
V  [jvm.dll+0x454d31]
C  [jli.dll+0x5278]
C  [ucrtbase.dll+0x37b0]
C  [KERNEL32.DLL+0x2e8d7]
C  [ntdll.dll+0x8c53c]


---------------  P R O C E S S  ---------------

Threads class SMR info:
_java_thread_list=0x00007ffbe0e611c8, length=0, elements={
}

Java Threads: ( => current thread )
Total: 0

Other Threads:
  0x000001ede8dfd7f0 WorkerThread "GC Thread#0"                     [id=5004, stack(0x000000e0a9200000,0x000000e0a9300000) (1024K)]
  0x000001ede8e0fa30 ConcurrentGCThread "G1 Main Marker"            [id=19484, stack(0x000000e0a9300000,0x000000e0a9400000) (1024K)]
  0x000001ede8e10530 WorkerThread "G1 Conc#0"                       [id=13628, stack(0x000000e0a9400000,0x000000e0a9500000) (1024K)]

[error occurred during error reporting (printing all threads), id 0xc0000005, EXCEPTION_ACCESS_VIOLATION (0xc0000005) at pc=0x00007ffbe055f137]
VM state: not at safepoint (not fully initialized)

VM Mutex/Monitor currently owned by a thread:  ([mutex/lock_event])
[0x00007ffbe0ed5558] Heap_lock - owner thread: 0x000001ede69dd260

Heap address: 0x0000000081e00000, size: 2018 MB, Compressed Oops mode: 32-bit

CDS archive(s) mapped at: [0x0000000000000000-0x0000000000000000-0x0000000000000000), size 0, SharedBaseAddress: 0x0000000800000000, ArchiveRelocationMode: 1.
Narrow klass base: 0x0000000000000000, Narrow klass shift: 0, Narrow klass range: 0x0

GC Precious Log:
 CardTable entry size: 512
 Card Set container configuration: InlinePtr #cards 5 size 8 Array Of Cards #cards 12 size 40 Howl #buckets 4 coarsen threshold 1843 Howl Bitmap #cards 512 size 80 coarsen threshold 460 Card regions per heap region 1 cards per card region 2048

Heap:
 garbage-first heap   total 0K, used 0K [0x0000000081e00000, 0x0000000100000000)
  region size 1024K, 0 young (0K), 0 survivors (0K)

[error occurred during error reporting (printing heap information), id 0xc0000005, EXCEPTION_ACCESS_VIOLATION (0xc0000005) at pc=0x00007ffbe094bba9]
GC Heap History (0 events):
No events

Dll operation events (1 events):
Event: 0.017 Loaded shared library C:\eclipse\plugins\org.eclipse.justj.openjdk.hotspot.jre.full.win32.x86_64_21.0.8.v20250724-1412\jre\bin\java.dll

Deoptimization events (0 events):
No events

Classes loaded (0 events):
No events

Classes unloaded (0 events):
No events

Classes redefined (0 events):
No events

Internal exceptions (0 events):
No events

ZGC Phase Switch (0 events):
No events

VM Operations (0 events):
No events

Memory protections (0 events):
No events

Nmethod flushes (0 events):
No events

Events (0 events):
No events


Dynamic libraries:
0x00007ff64c900000 - 0x00007ff64c90e000 	C:\eclipse\plugins\org.eclipse.justj.openjdk.hotspot.jre.full.win32.x86_64_21.0.8.v20250724-1412\jre\bin\javaw.exe
0x00007ffc4a8e0000 - 0x00007ffc4ab47000 	C:\WINDOWS\SYSTEM32\ntdll.dll
0x00007ffc490c0000 - 0x00007ffc49189000 	C:\WINDOWS\System32\KERNEL32.DLL
0x00007ffc48150000 - 0x00007ffc4853f000 	C:\WINDOWS\System32\KERNELBASE.dll
0x00007ffc48000000 - 0x00007ffc4814b000 	C:\WINDOWS\System32\ucrtbase.dll
0x00007ffc40250000 - 0x00007ffc40268000 	C:\eclipse\plugins\org.eclipse.justj.openjdk.hotspot.jre.full.win32.x86_64_21.0.8.v20250724-1412\jre\bin\jli.dll
0x00007ffc49f60000 - 0x00007ffc4a125000 	C:\WINDOWS\System32\USER32.dll
0x00007ffc47ba0000 - 0x00007ffc47bc7000 	C:\WINDOWS\System32\win32u.dll
0x00007ffc49360000 - 0x00007ffc4938b000 	C:\WINDOWS\System32\GDI32.dll
0x00007ffc48550000 - 0x00007ffc4867c000 	C:\WINDOWS\System32\gdi32full.dll
0x00007ffc47de0000 - 0x00007ffc47e83000 	C:\WINDOWS\System32\msvcp_win.dll
0x00007ffc41610000 - 0x00007ffc4162e000 	C:\eclipse\plugins\org.eclipse.justj.openjdk.hotspot.jre.full.win32.x86_64_21.0.8.v20250724-1412\jre\bin\VCRUNTIME140.dll
0x00007ffc36b70000 - 0x00007ffc36e03000 	C:\WINDOWS\WinSxS\amd64_microsoft.windows.common-controls_6595b64144ccf1df_6.0.26100.7309_none_3e05feeae336a044\COMCTL32.dll
0x00007ffc492b0000 - 0x00007ffc49359000 	C:\WINDOWS\System32\msvcrt.dll
0x00007ffc48a00000 - 0x00007ffc48a31000 	C:\WINDOWS\System32\IMM32.DLL
0x00007ffc448c0000 - 0x00007ffc448cc000 	C:\eclipse\plugins\org.eclipse.justj.openjdk.hotspot.jre.full.win32.x86_64_21.0.8.v20250724-1412\jre\bin\vcruntime140_1.dll
0x00007ffc3d870000 - 0x00007ffc3d8fd000 	C:\eclipse\plugins\org.eclipse.justj.openjdk.hotspot.jre.full.win32.x86_64_21.0.8.v20250724-1412\jre\bin\msvcp140.dll
0x00007ffbe0220000 - 0x00007ffbe0fb7000 	C:\eclipse\plugins\org.eclipse.justj.openjdk.hotspot.jre.full.win32.x86_64_21.0.8.v20250724-1412\jre\bin\server\jvm.dll
0x00007ffc4a7e0000 - 0x00007ffc4a894000 	C:\WINDOWS\System32\ADVAPI32.dll
0x00007ffc49650000 - 0x00007ffc496f6000 	C:\WINDOWS\System32\sechost.dll
0x00007ffc486a0000 - 0x00007ffc487b8000 	C:\WINDOWS\System32\RPCRT4.dll
0x00007ffc48b90000 - 0x00007ffc48c04000 	C:\WINDOWS\System32\WS2_32.dll
0x00007ffc478b0000 - 0x00007ffc4790e000 	C:\WINDOWS\SYSTEM32\POWRPROF.dll
0x00007ffc36890000 - 0x00007ffc368c5000 	C:\WINDOWS\SYSTEM32\WINMM.dll
0x00007ffc41bd0000 - 0x00007ffc41bdb000 	C:\WINDOWS\SYSTEM32\VERSION.dll
0x00007ffc47890000 - 0x00007ffc478a4000 	C:\WINDOWS\SYSTEM32\UMPDC.dll
0x00007ffc467e0000 - 0x00007ffc467fb000 	C:\WINDOWS\SYSTEM32\kernel.appcore.dll
0x00007ffc40240000 - 0x00007ffc4024a000 	C:\eclipse\plugins\org.eclipse.justj.openjdk.hotspot.jre.full.win32.x86_64_21.0.8.v20250724-1412\jre\bin\jimage.dll
0x00007ffc3f970000 - 0x00007ffc3fbb2000 	C:\WINDOWS\SYSTEM32\DBGHELP.DLL
0x00007ffc4a250000 - 0x00007ffc4a5d6000 	C:\WINDOWS\System32\combase.dll
0x00007ffc49390000 - 0x00007ffc49466000 	C:\WINDOWS\System32\OLEAUT32.dll
0x00007ffc27c10000 - 0x00007ffc27c4c000 	C:\WINDOWS\SYSTEM32\dbgcore.DLL
0x00007ffc47e90000 - 0x00007ffc47f35000 	C:\WINDOWS\System32\bcryptPrimitives.dll
0x00007ffc3ff00000 - 0x00007ffc3ff1f000 	C:\eclipse\plugins\org.eclipse.justj.openjdk.hotspot.jre.full.win32.x86_64_21.0.8.v20250724-1412\jre\bin\java.dll

JVMTI agents: none

dbghelp: loaded successfully - version: 4.0.5 - missing functions: none
symbol engine: initialized successfully - sym options: 0x614 - pdb path: .;C:\eclipse\plugins\org.eclipse.justj.openjdk.hotspot.jre.full.win32.x86_64_21.0.8.v20250724-1412\jre\bin;C:\WINDOWS\SYSTEM32;C:\WINDOWS\WinSxS\amd64_microsoft.windows.common-controls_6595b64144ccf1df_6.0.26100.7309_none_3e05feeae336a044;C:\eclipse\plugins\org.eclipse.justj.openjdk.hotspot.jre.full.win32.x86_64_21.0.8.v20250724-1412\jre\bin\server

VM Arguments:
jvm_args: -Dfile.encoding=UTF-8 -Dstdout.encoding=UTF-8 -Dstderr.encoding=UTF-8 -XX:+ShowCodeDetailsInExceptionMessages 
java_command: br.com.my.Main
java_class_path (initial): C:\Users\valdi\eclipse-workspace\TratamentoDeExceções\bin
Launcher Type: SUN_STANDARD

[Global flags]
     intx CICompilerCount                          = 3                                         {product} {ergonomic}
     uint ConcGCThreads                            = 1                                         {product} {ergonomic}
     uint G1ConcRefinementThreads                  = 4                                         {product} {ergonomic}
   size_t G1HeapRegionSize                         = 1048576                                   {product} {ergonomic}
    uintx GCDrainStackTargetSize                   = 64                                        {product} {ergonomic}
   size_t InitialHeapSize                          = 134217728                                 {product} {ergonomic}
   size_t MarkStackSize                            = 4194304                                   {product} {ergonomic}
   size_t MaxHeapSize                              = 2116026368                                {product} {ergonomic}
   size_t MinHeapDeltaBytes                        = 1048576                                   {product} {ergonomic}
   size_t MinHeapSize                              = 8388608                                   {product} {ergonomic}
    uintx NonNMethodCodeHeapSize                   = 5832780                                {pd product} {ergonomic}
    uintx NonProfiledCodeHeapSize                  = 122912730                              {pd product} {ergonomic}
    uintx ProfiledCodeHeapSize                     = 122912730                              {pd product} {ergonomic}
    uintx ReservedCodeCacheSize                    = 251658240                              {pd product} {ergonomic}
     bool SegmentedCodeCache                       = true                                      {product} {ergonomic}
     bool ShowCodeDetailsInExceptionMessages       = true                                   {manageable} {command line}
   size_t SoftMaxHeapSize                          = 2116026368                             {manageable} {ergonomic}
     bool UseCompressedOops                        = true                           {product lp64_product} {ergonomic}
     bool UseG1GC                                  = true                                      {product} {ergonomic}
     bool UseLargePagesIndividualAllocation        = false                                  {pd product} {ergonomic}

Logging:
Log output configuration:
 #0: stdout all=warning uptime,level,tags foldmultilines=false
 #1: stderr all=off uptime,level,tags foldmultilines=false

Environment Variables:
JAVA_HOME=C:\Program Files\Java\jdk-25
PATH=C:/Users/valdi/.p2/pool/plugins/org.eclipse.justj.openjdk.hotspot.jre.full.win32.x86_64_21.0.9.v20251105-0741/jre/bin/server;C:/Users/valdi/.p2/pool/plugins/org.eclipse.justj.openjdk.hotspot.jre.full.win32.x86_64_21.0.9.v20251105-0741/jre/bin;C:\Program Files\Common Files\Oracle\Java\javapath;C:\WINDOWS\system32;C:\WINDOWS;C:\WINDOWS\System32\Wbem;C:\WINDOWS\System32\WindowsPowerShell\v1.0\;C:\WINDOWS\System32\OpenSSH\;C:\Program Files\Java\jdk-25\bin;%MAVEN_HOME%\bin;C:\Program Files\Git\cmd;C:\Users\valdi\anaconda3;C:\Users\valdi\anaconda3\Library\mingw-w64\bin;C:\Users\valdi\anaconda3\Library\usr\bin;C:\Users\valdi\anaconda3\Library\bin;C:\Users\valdi\anaconda3\Scripts;C:\Users\valdi\AppData\Local\Programs\Python\Python313\Scripts\;C:\Users\valdi\AppData\Local\Programs\Python\Python313\;C:\Users\valdi\AppData\Local\Microsoft\WindowsApps;C:\Users\valdi\AppData\Local\Programs\Microsoft VS Code\bin;C:\Users\valdi\AppData\Local\GitHubDesktop\bin;C:\Users\valdi\Desktop;
USERNAME=valdi
OS=Windows_NT
PROCESSOR_IDENTIFIER=Intel64 Family 6 Model 142 Stepping 9, GenuineIntel
TMP=C:\Users\valdi\AppData\Local\Temp
TEMP=C:\Users\valdi\AppData\Local\Temp




Periodic native trim disabled

---------------  S Y S T E M  ---------------

OS:
 Windows 11 , 64 bit Build 26100 (10.0.26100.7623)
OS uptime: 7 days 14:57 hours

CPU: total 4 (initial active 4) (2 cores per cpu, 2 threads per core) family 6 model 142 stepping 9 microcode 0xde, cx8, cmov, fxsr, ht, mmx, 3dnowpref, sse, sse2, sse3, ssse3, sse4.1, sse4.2, popcnt, lzcnt, tsc, tscinvbit, avx, avx2, aes, erms, clmul, bmi1, bmi2, adx, fma, vzeroupper, clflush, clflushopt, rdtscp, f16c
Processor Information for the first 4 processors :
  Max Mhz: 2701, Current Mhz: 2701, Mhz Limit: 2701

Memory: 4k page, system-wide physical 8070M (1407M free)
TotalPageFile size 16262M (AvailPageFile size 17M)
current process WorkingSet (physical memory assigned to process): 12M, peak: 12M
current process commit charge ("private bytes"): 52M, peak: 180M

vm_info: OpenJDK 64-Bit Server VM (21.0.8+9-LTS) for windows-amd64 JRE (21.0.8+9-LTS), built on 2025-07-15T00:00:00Z by "admin" with MS VC++ 17.7 (VS2022)

END.
